<?xml version="1.0" encoding="UTF-8"?>
<testng-results skipped="0" failed="0" ignored="0" total="1" passed="1">
  <reporter-output>
  </reporter-output>
  <suite name="Suite" duration-ms="33186" started-at="2018-09-25T21:53:17Z" finished-at="2018-09-25T21:53:50Z">
    <groups>
    </groups>
    <test name="Test" duration-ms="33186" started-at="2018-09-25T21:53:17Z" finished-at="2018-09-25T21:53:50Z">
      <class name="Mobile.com.mobile.framework.Amazon1">
        <test-method status="PASS" signature="testApp()[pri:0, instance:Mobile.com.mobile.framework.Amazon1@1593948d]" name="testApp" duration-ms="33162" started-at="2018-09-25T14:53:17Z" finished-at="2018-09-25T14:53:50Z">
          <reporter-output>
          </reporter-output>
        </test-method> <!-- testApp -->
      </class> <!-- Mobile.com.mobile.framework.Amazon1 -->
    </test> <!-- Test -->
  </suite> <!-- Suite -->
</testng-results>
